[0.192s] DEBUG:colcon:Command line arguments: ['/usr/bin/colcon', 'build', '--packages-select', 'camera_stream', '--symlink-install']
[0.192s] DEBUG:colcon:Parsed command line arguments: Namespace(log_base=None, log_level=None, verb_name='build', build_base='build', install_base='install', merge_install=False, symlink_install=True, test_result_base=None, continue_on_error=False, executor='parallel', parallel_workers=12, event_handlers=None, ignore_user_meta=False, metas=['./colcon.meta'], base_paths=['.'], packages_ignore=None, packages_ignore_regex=None, paths=None, packages_up_to=None, packages_up_to_regex=None, packages_above=None, packages_above_and_dependencies=None, packages_above_depth=None, packages_select_by_dep=None, packages_skip_by_dep=None, packages_skip_up_to=None, packages_select_build_failed=False, packages_skip_build_finished=False, packages_select_test_failures=False, packages_skip_test_passed=False, packages_select=['camera_stream'], packages_skip=None, packages_select_regex=None, packages_skip_regex=None, packages_start=None, packages_end=None, allow_overriding=[], cmake_args=None, cmake_target=None, cmake_target_skip_unavailable=False, cmake_clean_cache=False, cmake_clean_first=False, cmake_force_configure=False, ament_cmake_args=None, catkin_cmake_args=None, catkin_skip_building_tests=False, mixin_files=None, mixin=None, verb_parser=<colcon_mixin.mixin.mixin_argument.MixinArgumentDecorator object at 0x758f966965d0>, verb_extension=<colcon_core.verb.build.BuildVerb object at 0x758f967ba840>, main=<bound method BuildVerb.main of <colcon_core.verb.build.BuildVerb object at 0x758f967ba840>>, mixin_verb=('build',))
[0.291s] Level 1:colcon.colcon_core.package_discovery:discover_packages(colcon_meta) check parameters
[0.292s] Level 1:colcon.colcon_core.package_discovery:discover_packages(recursive) check parameters
[0.292s] Level 1:colcon.colcon_core.package_discovery:discover_packages(ignore) check parameters
[0.292s] Level 1:colcon.colcon_core.package_discovery:discover_packages(path) check parameters
[0.292s] Level 1:colcon.colcon_core.package_discovery:discover_packages(colcon_meta) discover
[0.292s] Level 1:colcon.colcon_core.package_discovery:discover_packages(recursive) discover
[0.292s] INFO:colcon.colcon_core.package_discovery:Crawling recursively for packages in '/home/muhammad/ros2_ws'
[0.292s] Level 1:colcon.colcon_core.package_identification:_identify(.) by extensions ['ignore', 'ignore_ament_install']
[0.293s] Level 1:colcon.colcon_core.package_identification:_identify(.) by extension 'ignore'
[0.293s] Level 1:colcon.colcon_core.package_identification:_identify(.) by extension 'ignore_ament_install'
[0.293s] Level 1:colcon.colcon_core.package_identification:_identify(.) by extensions ['colcon_pkg']
[0.293s] Level 1:colcon.colcon_core.package_identification:_identify(.) by extension 'colcon_pkg'
[0.293s] Level 1:colcon.colcon_core.package_identification:_identify(.) by extensions ['colcon_meta']
[0.293s] Level 1:colcon.colcon_core.package_identification:_identify(.) by extension 'colcon_meta'
[0.293s] Level 1:colcon.colcon_core.package_identification:_identify(.) by extensions ['ros']
[0.293s] Level 1:colcon.colcon_core.package_identification:_identify(.) by extension 'ros'
[0.342s] Level 1:colcon.colcon_core.package_identification:_identify(.) by extensions ['cmake', 'python']
[0.342s] Level 1:colcon.colcon_core.package_identification:_identify(.) by extension 'cmake'
[0.343s] Level 1:colcon.colcon_core.package_identification:_identify(.) by extension 'python'
[0.343s] Level 1:colcon.colcon_core.package_identification:_identify(.) by extensions ['python_setup_py']
[0.343s] Level 1:colcon.colcon_core.package_identification:_identify(.) by extension 'python_setup_py'
[0.343s] Level 1:colcon.colcon_core.package_identification:_identify(build) by extensions ['ignore', 'ignore_ament_install']
[0.343s] Level 1:colcon.colcon_core.package_identification:_identify(build) by extension 'ignore'
[0.343s] Level 1:colcon.colcon_core.package_identification:_identify(build) ignored
[0.344s] Level 1:colcon.colcon_core.package_identification:_identify(install) by extensions ['ignore', 'ignore_ament_install']
[0.344s] Level 1:colcon.colcon_core.package_identification:_identify(install) by extension 'ignore'
[0.344s] Level 1:colcon.colcon_core.package_identification:_identify(install) ignored
[0.344s] Level 1:colcon.colcon_core.package_identification:_identify(log) by extensions ['ignore', 'ignore_ament_install']
[0.344s] Level 1:colcon.colcon_core.package_identification:_identify(log) by extension 'ignore'
[0.345s] Level 1:colcon.colcon_core.package_identification:_identify(log) ignored
[0.345s] Level 1:colcon.colcon_core.package_identification:_identify(src) by extensions ['ignore', 'ignore_ament_install']
[0.345s] Level 1:colcon.colcon_core.package_identification:_identify(src) by extension 'ignore'
[0.345s] Level 1:colcon.colcon_core.package_identification:_identify(src) by extension 'ignore_ament_install'
[0.345s] Level 1:colcon.colcon_core.package_identification:_identify(src) by extensions ['colcon_pkg']
[0.345s] Level 1:colcon.colcon_core.package_identification:_identify(src) by extension 'colcon_pkg'
[0.345s] Level 1:colcon.colcon_core.package_identification:_identify(src) by extensions ['colcon_meta']
[0.345s] Level 1:colcon.colcon_core.package_identification:_identify(src) by extension 'colcon_meta'
[0.345s] Level 1:colcon.colcon_core.package_identification:_identify(src) by extensions ['ros']
[0.345s] Level 1:colcon.colcon_core.package_identification:_identify(src) by extension 'ros'
[0.346s] Level 1:colcon.colcon_core.package_identification:_identify(src) by extensions ['cmake', 'python']
[0.346s] Level 1:colcon.colcon_core.package_identification:_identify(src) by extension 'cmake'
[0.346s] Level 1:colcon.colcon_core.package_identification:_identify(src) by extension 'python'
[0.346s] Level 1:colcon.colcon_core.package_identification:_identify(src) by extensions ['python_setup_py']
[0.346s] Level 1:colcon.colcon_core.package_identification:_identify(src) by extension 'python_setup_py'
[0.346s] Level 1:colcon.colcon_core.package_identification:_identify(src/camera_stream) by extensions ['ignore', 'ignore_ament_install']
[0.346s] Level 1:colcon.colcon_core.package_identification:_identify(src/camera_stream) by extension 'ignore'
[0.346s] Level 1:colcon.colcon_core.package_identification:_identify(src/camera_stream) by extension 'ignore_ament_install'
[0.346s] Level 1:colcon.colcon_core.package_identification:_identify(src/camera_stream) by extensions ['colcon_pkg']
[0.346s] Level 1:colcon.colcon_core.package_identification:_identify(src/camera_stream) by extension 'colcon_pkg'
[0.347s] Level 1:colcon.colcon_core.package_identification:_identify(src/camera_stream) by extensions ['colcon_meta']
[0.347s] Level 1:colcon.colcon_core.package_identification:_identify(src/camera_stream) by extension 'colcon_meta'
[0.347s] Level 1:colcon.colcon_core.package_identification:_identify(src/camera_stream) by extensions ['ros']
[0.347s] Level 1:colcon.colcon_core.package_identification:_identify(src/camera_stream) by extension 'ros'
[0.352s] DEBUG:colcon.colcon_core.package_identification:Package 'src/camera_stream' with type 'ros.ament_python' and name 'camera_stream'
[0.352s] Level 1:colcon.colcon_core.package_discovery:discover_packages(recursive) using defaults
[0.352s] Level 1:colcon.colcon_core.package_discovery:discover_packages(ignore) discover
[0.352s] Level 1:colcon.colcon_core.package_discovery:discover_packages(ignore) using defaults
[0.352s] Level 1:colcon.colcon_core.package_discovery:discover_packages(path) discover
[0.352s] Level 1:colcon.colcon_core.package_discovery:discover_packages(path) using defaults
[0.380s] Level 1:colcon.colcon_core.package_discovery:discover_packages(prefix_path) check parameters
[0.381s] Level 1:colcon.colcon_core.package_discovery:discover_packages(prefix_path) discover
[0.382s] WARNING:colcon.colcon_ros.prefix_path.ament:The path '/home/muhammad/ros2_ws/install/camera_stream' in the environment variable AMENT_PREFIX_PATH doesn't exist
[0.383s] DEBUG:colcon.colcon_installed_package_information.package_discovery:Found 0 installed packages in /home/muhammad/ros2_ws/install
[0.385s] DEBUG:colcon.colcon_installed_package_information.package_discovery:Found 295 installed packages in /opt/ros/jazzy
[0.387s] Level 1:colcon.colcon_core.package_discovery:discover_packages(prefix_path) using defaults
[0.450s] Level 5:colcon.colcon_core.verb:set package 'camera_stream' build argument 'cmake_args' from command line to 'None'
[0.450s] Level 5:colcon.colcon_core.verb:set package 'camera_stream' build argument 'cmake_target' from command line to 'None'
[0.450s] Level 5:colcon.colcon_core.verb:set package 'camera_stream' build argument 'cmake_target_skip_unavailable' from command line to 'False'
[0.450s] Level 5:colcon.colcon_core.verb:set package 'camera_stream' build argument 'cmake_clean_cache' from command line to 'False'
[0.450s] Level 5:colcon.colcon_core.verb:set package 'camera_stream' build argument 'cmake_clean_first' from command line to 'False'
[0.450s] Level 5:colcon.colcon_core.verb:set package 'camera_stream' build argument 'cmake_force_configure' from command line to 'False'
[0.450s] Level 5:colcon.colcon_core.verb:set package 'camera_stream' build argument 'ament_cmake_args' from command line to 'None'
[0.450s] Level 5:colcon.colcon_core.verb:set package 'camera_stream' build argument 'catkin_cmake_args' from command line to 'None'
[0.450s] Level 5:colcon.colcon_core.verb:set package 'camera_stream' build argument 'catkin_skip_building_tests' from command line to 'False'
[0.450s] DEBUG:colcon.colcon_core.verb:Building package 'camera_stream' with the following arguments: {'ament_cmake_args': None, 'build_base': '/home/muhammad/ros2_ws/build/camera_stream', 'catkin_cmake_args': None, 'catkin_skip_building_tests': False, 'cmake_args': None, 'cmake_clean_cache': False, 'cmake_clean_first': False, 'cmake_force_configure': False, 'cmake_target': None, 'cmake_target_skip_unavailable': False, 'install_base': '/home/muhammad/ros2_ws/install/camera_stream', 'merge_install': False, 'path': '/home/muhammad/ros2_ws/src/camera_stream', 'symlink_install': True, 'test_result_base': None}
[0.450s] INFO:colcon.colcon_core.executor:Executing jobs using 'parallel' executor
[0.452s] DEBUG:colcon.colcon_parallel_executor.executor.parallel:run_until_complete
[0.452s] INFO:colcon.colcon_ros.task.ament_python.build:Building ROS package in '/home/muhammad/ros2_ws/src/camera_stream' with build type 'ament_python'
[0.453s] Level 1:colcon.colcon_core.shell:create_environment_hook('camera_stream', 'ament_prefix_path')
[0.458s] INFO:colcon.colcon_core.plugin_system:Skipping extension 'colcon_core.shell.bat': Not used on non-Windows systems
[0.458s] INFO:colcon.colcon_core.shell:Creating environment hook '/home/muhammad/ros2_ws/install/camera_stream/share/camera_stream/hook/ament_prefix_path.ps1'
[0.460s] INFO:colcon.colcon_core.shell:Creating environment descriptor '/home/muhammad/ros2_ws/install/camera_stream/share/camera_stream/hook/ament_prefix_path.dsv'
[0.461s] INFO:colcon.colcon_core.shell:Creating environment hook '/home/muhammad/ros2_ws/install/camera_stream/share/camera_stream/hook/ament_prefix_path.sh'
[0.462s] INFO:colcon.colcon_core.shell:Skip shell extension 'powershell' for command environment: Not usable outside of PowerShell
[0.462s] DEBUG:colcon.colcon_core.shell:Skip shell extension 'dsv' for command environment
[1.031s] INFO:colcon.colcon_core.task.python.build:Building Python package in '/home/muhammad/ros2_ws/src/camera_stream'
[1.032s] INFO:colcon.colcon_core.shell:Skip shell extension 'powershell' for command environment: Not usable outside of PowerShell
[1.032s] DEBUG:colcon.colcon_core.shell:Skip shell extension 'dsv' for command environment
[2.393s] DEBUG:colcon.colcon_core.task.python.build:Available setuptools commands: egg_info, register, install_data, check, symlink_data, build_clib, install_headers, easy_install, build_ext, bdist, bdist_dumb, build_scripts, update_catalog, bdist_wheel, upload, saveopts, rotate, build, bdist_rpm, build_py, setopt, extract_messages, upload_docs, init_catalog, develop, install_egg_info, editable_wheel, test, compile_catalog, pytest, ptr, sdist, bdist_egg, install_lib, alias, clean, install, install_scripts, dist_info
[2.851s] DEBUG:colcon.colcon_core.task.python.build:Available setuptools 'develop' options: --install-dir, --optimize, --script-dir, --install-layout, --no-deps, --force-installation-into-system-dir, --quiet, --index-url, --find-links, --no-find-links, --prefix, --egg-path, --site-dirs, --user, --multi-version, --verbose, --no-user-cfg, --dry-run, --record, --local-snapshots-ok, --upgrade, --help, --zip-ok, --exclude-scripts, --version, --always-copy, --build-directory, --always-unzip, --allow-hosts, --uninstall, --editable
[2.855s] DEBUG:colcon.colcon_core.event_handler.log_command:Invoking command in '/home/muhammad/ros2_ws/build/camera_stream': DEBUGINFOD_URLS=https://debuginfod.ubuntu.com PYTHONPATH=/home/muhammad/ros2_ws/build/camera_stream/prefix_override:/usr/lib/python3/dist-packages/colcon_core/task/python/colcon_distutils_commands:/home/muhammad/ros2_ws/install/camera_stream/lib/python3.12/site-packages:${PYTHONPATH} /usr/bin/python3 -W ignore:setup.py install is deprecated -W ignore:easy_install command is deprecated setup.py develop --editable --build-directory /home/muhammad/ros2_ws/build/camera_stream/build --no-deps symlink_data
[3.913s] Level 1:colcon.colcon_core.shell:create_environment_hook('camera_stream', 'pythonpath_develop')
[3.914s] INFO:colcon.colcon_core.shell:Creating environment hook '/home/muhammad/ros2_ws/build/camera_stream/share/camera_stream/hook/pythonpath_develop.ps1'
[3.915s] DEBUG:colcon.colcon_core.event_handler.log_command:Invoked command in '/home/muhammad/ros2_ws/build/camera_stream' returned '0': DEBUGINFOD_URLS=https://debuginfod.ubuntu.com PYTHONPATH=/home/muhammad/ros2_ws/build/camera_stream/prefix_override:/usr/lib/python3/dist-packages/colcon_core/task/python/colcon_distutils_commands:/home/muhammad/ros2_ws/install/camera_stream/lib/python3.12/site-packages:${PYTHONPATH} /usr/bin/python3 -W ignore:setup.py install is deprecated -W ignore:easy_install command is deprecated setup.py develop --editable --build-directory /home/muhammad/ros2_ws/build/camera_stream/build --no-deps symlink_data
[3.916s] INFO:colcon.colcon_core.shell:Creating environment descriptor '/home/muhammad/ros2_ws/build/camera_stream/share/camera_stream/hook/pythonpath_develop.dsv'
[3.916s] INFO:colcon.colcon_core.shell:Creating environment hook '/home/muhammad/ros2_ws/build/camera_stream/share/camera_stream/hook/pythonpath_develop.sh'
[3.922s] Level 1:colcon.colcon_core.environment:checking '/home/muhammad/ros2_ws/install/camera_stream' for CMake module files
[3.924s] Level 1:colcon.colcon_core.environment:checking '/home/muhammad/ros2_ws/install/camera_stream' for CMake config files
[3.925s] Level 1:colcon.colcon_core.environment:checking '/home/muhammad/ros2_ws/install/camera_stream/lib'
[3.925s] Level 1:colcon.colcon_core.environment:checking '/home/muhammad/ros2_ws/install/camera_stream/bin'
[3.925s] Level 1:colcon.colcon_core.environment:checking '/home/muhammad/ros2_ws/install/camera_stream/lib/pkgconfig/camera_stream.pc'
[3.926s] Level 1:colcon.colcon_core.environment:checking '/home/muhammad/ros2_ws/install/camera_stream/lib/python3.12/site-packages'
[3.926s] Level 1:colcon.colcon_core.shell:create_environment_hook('camera_stream', 'pythonpath')
[3.927s] INFO:colcon.colcon_core.shell:Creating environment hook '/home/muhammad/ros2_ws/install/camera_stream/share/camera_stream/hook/pythonpath.ps1'
[3.928s] INFO:colcon.colcon_core.shell:Creating environment descriptor '/home/muhammad/ros2_ws/install/camera_stream/share/camera_stream/hook/pythonpath.dsv'
[3.928s] INFO:colcon.colcon_core.shell:Creating environment hook '/home/muhammad/ros2_ws/install/camera_stream/share/camera_stream/hook/pythonpath.sh'
[3.930s] Level 1:colcon.colcon_core.environment:checking '/home/muhammad/ros2_ws/install/camera_stream/bin'
[3.930s] Level 1:colcon.colcon_core.environment:create_environment_scripts_only(camera_stream)
[3.930s] INFO:colcon.colcon_core.shell:Creating package script '/home/muhammad/ros2_ws/install/camera_stream/share/camera_stream/package.ps1'
[3.932s] INFO:colcon.colcon_core.shell:Creating package descriptor '/home/muhammad/ros2_ws/install/camera_stream/share/camera_stream/package.dsv'
[3.933s] INFO:colcon.colcon_core.shell:Creating package script '/home/muhammad/ros2_ws/install/camera_stream/share/camera_stream/package.sh'
[3.935s] INFO:colcon.colcon_core.shell:Creating package script '/home/muhammad/ros2_ws/install/camera_stream/share/camera_stream/package.bash'
[3.937s] INFO:colcon.colcon_core.shell:Creating package script '/home/muhammad/ros2_ws/install/camera_stream/share/camera_stream/package.zsh'
[3.937s] Level 1:colcon.colcon_core.environment:create_file_with_runtime_dependencies(/home/muhammad/ros2_ws/install/camera_stream/share/colcon-core/packages/camera_stream)
[3.938s] DEBUG:colcon.colcon_parallel_executor.executor.parallel:closing loop
[3.939s] DEBUG:colcon.colcon_parallel_executor.executor.parallel:loop closed
[3.939s] DEBUG:colcon.colcon_parallel_executor.executor.parallel:run_until_complete finished with '0'
[3.939s] DEBUG:colcon.colcon_core.event_reactor:joining thread
[3.947s] INFO:colcon.colcon_core.plugin_system:Skipping extension 'colcon_notification.desktop_notification.terminal_notifier': Not used on non-Darwin systems
[3.947s] INFO:colcon.colcon_core.plugin_system:Skipping extension 'colcon_notification.desktop_notification.win32': Not used on non-Windows systems
[3.947s] INFO:colcon.colcon_notification.desktop_notification:Sending desktop notification using 'notify2'
[3.974s] DEBUG:colcon.colcon_core.event_reactor:joined thread
[3.975s] INFO:colcon.colcon_core.shell:Creating prefix script '/home/muhammad/ros2_ws/install/local_setup.ps1'
[3.977s] INFO:colcon.colcon_core.shell:Creating prefix util module '/home/muhammad/ros2_ws/install/_local_setup_util_ps1.py'
[3.980s] INFO:colcon.colcon_core.shell:Creating prefix chain script '/home/muhammad/ros2_ws/install/setup.ps1'
[3.983s] INFO:colcon.colcon_core.shell:Creating prefix script '/home/muhammad/ros2_ws/install/local_setup.sh'
[3.984s] INFO:colcon.colcon_core.shell:Creating prefix util module '/home/muhammad/ros2_ws/install/_local_setup_util_sh.py'
[3.987s] INFO:colcon.colcon_core.shell:Creating prefix chain script '/home/muhammad/ros2_ws/install/setup.sh'
[3.989s] INFO:colcon.colcon_core.shell:Creating prefix script '/home/muhammad/ros2_ws/install/local_setup.bash'
[3.990s] INFO:colcon.colcon_core.shell:Creating prefix chain script '/home/muhammad/ros2_ws/install/setup.bash'
[3.991s] INFO:colcon.colcon_core.shell:Creating prefix script '/home/muhammad/ros2_ws/install/local_setup.zsh'
[3.992s] INFO:colcon.colcon_core.shell:Creating prefix chain script '/home/muhammad/ros2_ws/install/setup.zsh'
