running develop
running egg_info
creating camera_stream.egg-info
writing camera_stream.egg-info/PKG-INFO
writing dependency_links to camera_stream.egg-info/dependency_links.txt
writing entry points to camera_stream.egg-info/entry_points.txt
writing requirements to camera_stream.egg-info/requires.txt
writing top-level names to camera_stream.egg-info/top_level.txt
writing manifest file 'camera_stream.egg-info/SOURCES.txt'
reading manifest file 'camera_stream.egg-info/SOURCES.txt'
writing manifest file 'camera_stream.egg-info/SOURCES.txt'
running build_ext
Creating /home/muhammad/ros2_ws/install/camera_stream/lib/python3.12/site-packages/camera-stream.egg-link (link to .)
Installing camera_node script to /home/muhammad/ros2_ws/install/camera_stream/lib/camera_stream

Installed /home/muhammad/ros2_ws/build/camera_stream
running symlink_data
creating /home/muhammad/ros2_ws/install/camera_stream/share/ament_index
creating /home/muhammad/ros2_ws/install/camera_stream/share/ament_index/resource_index
creating /home/muhammad/ros2_ws/install/camera_stream/share/ament_index/resource_index/packages
symbolically linking /home/muhammad/ros2_ws/build/camera_stream/resource/camera_stream -> /home/muhammad/ros2_ws/install/camera_stream/share/ament_index/resource_index/packages
symbolically linking /home/muhammad/ros2_ws/build/camera_stream/package.xml -> /home/muhammad/ros2_ws/install/camera_stream/share/camera_stream
