[2.400s] Invoking command in '/home/muhammad/ros2_ws/build/camera_stream': DEBUGINFOD_URLS=https://debuginfod.ubuntu.com PYTHONPATH=/home/muhammad/ros2_ws/build/camera_stream/prefix_override:/usr/lib/python3/dist-packages/colcon_core/task/python/colcon_distutils_commands:/home/muhammad/ros2_ws/install/camera_stream/lib/python3.12/site-packages:${PYTHONPATH} /usr/bin/python3 -W ignore:setup.py install is deprecated -W ignore:easy_install command is deprecated setup.py develop --editable --build-directory /home/muhammad/ros2_ws/build/camera_stream/build --no-deps symlink_data
[2.883s] running develop
[3.198s] /usr/lib/python3/dist-packages/setuptools/command/easy_install.py:363: UserWarning: Unbuilt egg for pytest-repeat [unknown version] (/usr/lib/python3/dist-packages)
[3.198s]   self.local_index = Environment(self.shadow_path + sys.path)
[3.250s] running egg_info
[3.250s] creating camera_stream.egg-info
[3.282s] writing camera_stream.egg-info/PKG-INFO
[3.283s] writing dependency_links to camera_stream.egg-info/dependency_links.txt
[3.283s] writing entry points to camera_stream.egg-info/entry_points.txt
[3.284s] writing requirements to camera_stream.egg-info/requires.txt
[3.284s] writing top-level names to camera_stream.egg-info/top_level.txt
[3.284s] writing manifest file 'camera_stream.egg-info/SOURCES.txt'
[3.361s] reading manifest file 'camera_stream.egg-info/SOURCES.txt'
[3.362s] writing manifest file 'camera_stream.egg-info/SOURCES.txt'
[3.397s] running build_ext
[3.397s] Creating /home/muhammad/ros2_ws/install/camera_stream/lib/python3.12/site-packages/camera-stream.egg-link (link to .)
[3.398s] Installing camera_node script to /home/muhammad/ros2_ws/install/camera_stream/lib/camera_stream
[3.398s] 
[3.398s] Installed /home/muhammad/ros2_ws/build/camera_stream
[3.399s] running symlink_data
[3.399s] creating /home/muhammad/ros2_ws/install/camera_stream/share/ament_index
[3.399s] creating /home/muhammad/ros2_ws/install/camera_stream/share/ament_index/resource_index
[3.399s] creating /home/muhammad/ros2_ws/install/camera_stream/share/ament_index/resource_index/packages
[3.399s] symbolically linking /home/muhammad/ros2_ws/build/camera_stream/resource/camera_stream -> /home/muhammad/ros2_ws/install/camera_stream/share/ament_index/resource_index/packages
[3.399s] symbolically linking /home/muhammad/ros2_ws/build/camera_stream/package.xml -> /home/muhammad/ros2_ws/install/camera_stream/share/camera_stream
[3.461s] Invoked command in '/home/muhammad/ros2_ws/build/camera_stream' returned '0': DEBUGINFOD_URLS=https://debuginfod.ubuntu.com PYTHONPATH=/home/muhammad/ros2_ws/build/camera_stream/prefix_override:/usr/lib/python3/dist-packages/colcon_core/task/python/colcon_distutils_commands:/home/muhammad/ros2_ws/install/camera_stream/lib/python3.12/site-packages:${PYTHONPATH} /usr/bin/python3 -W ignore:setup.py install is deprecated -W ignore:easy_install command is deprecated setup.py develop --editable --build-directory /home/muhammad/ros2_ws/build/camera_stream/build --no-deps symlink_data
